  Performing Custom Build Tools
  aabb.cpp
  CGInterface.cpp
  cubemap.cpp
  framebuffer.cpp
  gui.cxx
  m33.cpp
  ppc.cpp
  scene.cpp
  tm.cpp
  v3.cpp
c:\users\levic\downloads\code\code\v3.cpp(209): warning C4244: 'initializing': conversion from 'double' to 'float', possible loss of data
  Generating Code...
  LINK : C:\Users\levic\Downloads\CODE\CODE\x64\Debug\cs535.exe not found or not built by the last incremental link; performing full link
     Creating library C:\Users\levic\Downloads\CODE\CODE\x64\Debug\cs535.lib and object C:\Users\levic\Downloads\CODE\CODE\x64\Debug\cs535.exp
LINK : warning LNK4098: defaultlib 'MSVCRT' conflicts with use of other libs; use /NODEFAULTLIB:library
fltk.lib(case.obj) : warning LNK4204: 'C:\Users\levic\Downloads\CODE\CODE\x64\Debug\vc141.pdb' is missing debugging information for referencing module; linking object as if no debug info
fltk.lib(filename_list.obj) : warning LNK4204: 'C:\Users\levic\Downloads\CODE\CODE\x64\Debug\vc141.pdb' is missing debugging information for referencing module; linking object as if no debug info
fltk.lib(filename_match.obj) : warning LNK4204: 'C:\Users\levic\Downloads\CODE\CODE\x64\Debug\vc141.pdb' is missing debugging information for referencing module; linking object as if no debug info
fltk.lib(Fl.obj) : warning LNK4204: 'C:\Users\levic\Downloads\CODE\CODE\x64\Debug\vc141.pdb' is missing debugging information for referencing module; linking object as if no debug info
fltk.lib(Fl_abort.obj) : warning LNK4204: 'C:\Users\levic\Downloads\CODE\CODE\x64\Debug\vc141.pdb' is missing debugging information for referencing module; linking object as if no debug info
fltk.lib(fl_arc.obj) : warning LNK4204: 'C:\Users\levic\Downloads\CODE\CODE\x64\Debug\vc141.pdb' is missing debugging information for referencing module; linking object as if no debug info
fltk.lib(fl_arci.obj) : warning LNK4204: 'C:\Users\levic\Downloads\CODE\CODE\x64\Debug\vc141.pdb' is missing debugging information for referencing module; linking object as if no debug info
fltk.lib(Fl_arg.obj) : warning LNK4204: 'C:\Users\levic\Downloads\CODE\CODE\x64\Debug\vc141.pdb' is missing debugging information for referencing module; linking object as if no debug info
fltk.lib(fl_ask.obj) : warning LNK4204: 'C:\Users\levic\Downloads\CODE\CODE\x64\Debug\vc141.pdb' is missing debugging information for referencing module; linking object as if no debug info
fltk.lib(Fl_Bitmap.obj) : warning LNK4204: 'C:\Users\levic\Downloads\CODE\CODE\x64\Debug\vc141.pdb' is missing debugging information for referencing module; linking object as if no debug info
fltk.lib(Fl_Box.obj) : warning LNK4204: 'C:\Users\levic\Downloads\CODE\CODE\x64\Debug\vc141.pdb' is missing debugging information for referencing module; linking object as if no debug info
fltk.lib(fl_boxtype.obj) : warning LNK4204: 'C:\Users\levic\Downloads\CODE\CODE\x64\Debug\vc141.pdb' is missing debugging information for referencing module; linking object as if no debug info
fltk.lib(Fl_Button.obj) : warning LNK4204: 'C:\Users\levic\Downloads\CODE\CODE\x64\Debug\vc141.pdb' is missing debugging information for referencing module; linking object as if no debug info
fltk.lib(fl_color.obj) : warning LNK4204: 'C:\Users\levic\Downloads\CODE\CODE\x64\Debug\vc141.pdb' is missing debugging information for referencing module; linking object as if no debug info
fltk.lib(Fl_compose.obj) : warning LNK4204: 'C:\Users\levic\Downloads\CODE\CODE\x64\Debug\vc141.pdb' is missing debugging information for referencing module; linking object as if no debug info
fltk.lib(fl_cursor.obj) : warning LNK4204: 'C:\Users\levic\Downloads\CODE\CODE\x64\Debug\vc141.pdb' is missing debugging information for referencing module; linking object as if no debug info
fltk.lib(fl_curve.obj) : warning LNK4204: 'C:\Users\levic\Downloads\CODE\CODE\x64\Debug\vc141.pdb' is missing debugging information for referencing module; linking object as if no debug info
fltk.lib(Fl_Device.obj) : warning LNK4204: 'C:\Users\levic\Downloads\CODE\CODE\x64\Debug\vc141.pdb' is missing debugging information for referencing module; linking object as if no debug info
fltk.lib(fl_dnd.obj) : warning LNK4204: 'C:\Users\levic\Downloads\CODE\CODE\x64\Debug\vc141.pdb' is missing debugging information for referencing module; linking object as if no debug info
fltk.lib(Fl_Double_Window.obj) : warning LNK4204: 'C:\Users\levic\Downloads\CODE\CODE\x64\Debug\vc141.pdb' is missing debugging information for referencing module; linking object as if no debug info
fltk.lib(fl_draw.obj) : warning LNK4204: 'C:\Users\levic\Downloads\CODE\CODE\x64\Debug\vc141.pdb' is missing debugging information for referencing module; linking object as if no debug info
fltk.lib(fl_draw_image.obj) : warning LNK4204: 'C:\Users\levic\Downloads\CODE\CODE\x64\Debug\vc141.pdb' is missing debugging information for referencing module; linking object as if no debug info
fltk.lib(fl_draw_pixmap.obj) : warning LNK4204: 'C:\Users\levic\Downloads\CODE\CODE\x64\Debug\vc141.pdb' is missing debugging information for referencing module; linking object as if no debug info
fltk.lib(fl_font.obj) : warning LNK4204: 'C:\Users\levic\Downloads\CODE\CODE\x64\Debug\vc141.pdb' is missing debugging information for referencing module; linking object as if no debug info
fltk.lib(Fl_get_system_colors.obj) : warning LNK4204: 'C:\Users\levic\Downloads\CODE\CODE\x64\Debug\vc141.pdb' is missing debugging information for referencing module; linking object as if no debug info
fltk.lib(Fl_grab.obj) : warning LNK4204: 'C:\Users\levic\Downloads\CODE\CODE\x64\Debug\vc141.pdb' is missing debugging information for referencing module; linking object as if no debug info
fltk.lib(Fl_Group.obj) : warning LNK4204: 'C:\Users\levic\Downloads\CODE\CODE\x64\Debug\vc141.pdb' is missing debugging information for referencing module; linking object as if no debug info
fltk.lib(fl_gtk.obj) : warning LNK4204: 'C:\Users\levic\Downloads\CODE\CODE\x64\Debug\vc141.pdb' is missing debugging information for referencing module; linking object as if no debug info
fltk.lib(fl_gleam.obj) : warning LNK4204: 'C:\Users\levic\Downloads\CODE\CODE\x64\Debug\vc141.pdb' is missing debugging information for referencing module; linking object as if no debug info
fltk.lib(Fl_Image.obj) : warning LNK4204: 'C:\Users\levic\Downloads\CODE\CODE\x64\Debug\vc141.pdb' is missing debugging information for referencing module; linking object as if no debug info
fltk.lib(Fl_Input.obj) : warning LNK4204: 'C:\Users\levic\Downloads\CODE\CODE\x64\Debug\vc141.pdb' is missing debugging information for referencing module; linking object as if no debug info
fltk.lib(Fl_Input_.obj) : warning LNK4204: 'C:\Users\levic\Downloads\CODE\CODE\x64\Debug\vc141.pdb' is missing debugging information for referencing module; linking object as if no debug info
fltk.lib(fl_labeltype.obj) : warning LNK4204: 'C:\Users\levic\Downloads\CODE\CODE\x64\Debug\vc141.pdb' is missing debugging information for referencing module; linking object as if no debug info
fltk.lib(fl_line_style.obj) : warning LNK4204: 'C:\Users\levic\Downloads\CODE\CODE\x64\Debug\vc141.pdb' is missing debugging information for referencing module; linking object as if no debug info
fltk.lib(Fl_lock.obj) : warning LNK4204: 'C:\Users\levic\Downloads\CODE\CODE\x64\Debug\vc141.pdb' is missing debugging information for referencing module; linking object as if no debug info
fltk.lib(Fl_Menu.obj) : warning LNK4204: 'C:\Users\levic\Downloads\CODE\CODE\x64\Debug\vc141.pdb' is missing debugging information for referencing module; linking object as if no debug info
fltk.lib(Fl_Menu_.obj) : warning LNK4204: 'C:\Users\levic\Downloads\CODE\CODE\x64\Debug\vc141.pdb' is missing debugging information for referencing module; linking object as if no debug info
fltk.lib(Fl_Menu_add.obj) : warning LNK4204: 'C:\Users\levic\Downloads\CODE\CODE\x64\Debug\vc141.pdb' is missing debugging information for referencing module; linking object as if no debug info
fltk.lib(Fl_Menu_Button.obj) : warning LNK4204: 'C:\Users\levic\Downloads\CODE\CODE\x64\Debug\vc141.pdb' is missing debugging information for referencing module; linking object as if no debug info
fltk.lib(Fl_Menu_Window.obj) : warning LNK4204: 'C:\Users\levic\Downloads\CODE\CODE\x64\Debug\vc141.pdb' is missing debugging information for referencing module; linking object as if no debug info
fltk.lib(Fl_Overlay_Window.obj) : warning LNK4204: 'C:\Users\levic\Downloads\CODE\CODE\x64\Debug\vc141.pdb' is missing debugging information for referencing module; linking object as if no debug info
fltk.lib(Fl_Paged_Device.obj) : warning LNK4204: 'C:\Users\levic\Downloads\CODE\CODE\x64\Debug\vc141.pdb' is missing debugging information for referencing module; linking object as if no debug info
fltk.lib(Fl_Pixmap.obj) : warning LNK4204: 'C:\Users\levic\Downloads\CODE\CODE\x64\Debug\vc141.pdb' is missing debugging information for referencing module; linking object as if no debug info
fltk.lib(fl_plastic.obj) : warning LNK4204: 'C:\Users\levic\Downloads\CODE\CODE\x64\Debug\vc141.pdb' is missing debugging information for referencing module; linking object as if no debug info
fltk.lib(Fl_Preferences.obj) : warning LNK4204: 'C:\Users\levic\Downloads\CODE\CODE\x64\Debug\vc141.pdb' is missing debugging information for referencing module; linking object as if no debug info
fltk.lib(Fl_Printer.obj) : warning LNK4204: 'C:\Users\levic\Downloads\CODE\CODE\x64\Debug\vc141.pdb' is missing debugging information for referencing module; linking object as if no debug info
fltk.lib(fl_read_image.obj) : warning LNK4204: 'C:\Users\levic\Downloads\CODE\CODE\x64\Debug\vc141.pdb' is missing debugging information for referencing module; linking object as if no debug info
fltk.lib(fl_rect.obj) : warning LNK4204: 'C:\Users\levic\Downloads\CODE\CODE\x64\Debug\vc141.pdb' is missing debugging information for referencing module; linking object as if no debug info
fltk.lib(Fl_Repeat_Button.obj) : warning LNK4204: 'C:\Users\levic\Downloads\CODE\CODE\x64\Debug\vc141.pdb' is missing debugging information for referencing module; linking object as if no debug info
fltk.lib(Fl_Return_Button.obj) : warning LNK4204: 'C:\Users\levic\Downloads\CODE\CODE\x64\Debug\vc141.pdb' is missing debugging information for referencing module; linking object as if no debug info
fltk.lib(fl_round_box.obj) : warning LNK4204: 'C:\Users\levic\Downloads\CODE\CODE\x64\Debug\vc141.pdb' is missing debugging information for referencing module; linking object as if no debug info
fltk.lib(fl_shortcut.obj) : warning LNK4204: 'C:\Users\levic\Downloads\CODE\CODE\x64\Debug\vc141.pdb' is missing debugging information for referencing module; linking object as if no debug info
fltk.lib(Fl_Single_Window.obj) : warning LNK4204: 'C:\Users\levic\Downloads\CODE\CODE\x64\Debug\vc141.pdb' is missing debugging information for referencing module; linking object as if no debug info
fltk.lib(fl_symbols.obj) : warning LNK4204: 'C:\Users\levic\Downloads\CODE\CODE\x64\Debug\vc141.pdb' is missing debugging information for referencing module; linking object as if no debug info
fltk.lib(Fl_Tiled_Image.obj) : warning LNK4204: 'C:\Users\levic\Downloads\CODE\CODE\x64\Debug\vc141.pdb' is missing debugging information for referencing module; linking object as if no debug info
fltk.lib(Fl_Tooltip.obj) : warning LNK4204: 'C:\Users\levic\Downloads\CODE\CODE\x64\Debug\vc141.pdb' is missing debugging information for referencing module; linking object as if no debug info
fltk.lib(fl_utf.obj) : warning LNK4204: 'C:\Users\levic\Downloads\CODE\CODE\x64\Debug\vc141.pdb' is missing debugging information for referencing module; linking object as if no debug info
fltk.lib(fl_utf8.obj) : warning LNK4204: 'C:\Users\levic\Downloads\CODE\CODE\x64\Debug\vc141.pdb' is missing debugging information for referencing module; linking object as if no debug info
fltk.lib(fl_vertex.obj) : warning LNK4204: 'C:\Users\levic\Downloads\CODE\CODE\x64\Debug\vc141.pdb' is missing debugging information for referencing module; linking object as if no debug info
fltk.lib(Fl_Widget.obj) : warning LNK4204: 'C:\Users\levic\Downloads\CODE\CODE\x64\Debug\vc141.pdb' is missing debugging information for referencing module; linking object as if no debug info
fltk.lib(Fl_Window.obj) : warning LNK4204: 'C:\Users\levic\Downloads\CODE\CODE\x64\Debug\vc141.pdb' is missing debugging information for referencing module; linking object as if no debug info
fltk.lib(Fl_Window_fullscreen.obj) : warning LNK4204: 'C:\Users\levic\Downloads\CODE\CODE\x64\Debug\vc141.pdb' is missing debugging information for referencing module; linking object as if no debug info
fltk.lib(Fl_Window_hotspot.obj) : warning LNK4204: 'C:\Users\levic\Downloads\CODE\CODE\x64\Debug\vc141.pdb' is missing debugging information for referencing module; linking object as if no debug info
fltk.lib(Fl_Window_shape.obj) : warning LNK4204: 'C:\Users\levic\Downloads\CODE\CODE\x64\Debug\vc141.pdb' is missing debugging information for referencing module; linking object as if no debug info
fltk.lib(flstring.obj) : warning LNK4204: 'C:\Users\levic\Downloads\CODE\CODE\x64\Debug\vc141.pdb' is missing debugging information for referencing module; linking object as if no debug info
fltk.lib(is_spacing.obj) : warning LNK4204: 'C:\Users\levic\Downloads\CODE\CODE\x64\Debug\vc141.pdb' is missing debugging information for referencing module; linking object as if no debug info
fltk.lib(numericsort.obj) : warning LNK4204: 'C:\Users\levic\Downloads\CODE\CODE\x64\Debug\vc141.pdb' is missing debugging information for referencing module; linking object as if no debug info
fltk.lib(scandir.obj) : warning LNK4204: 'C:\Users\levic\Downloads\CODE\CODE\x64\Debug\vc141.pdb' is missing debugging information for referencing module; linking object as if no debug info
fltk.lib(screen_xywh.obj) : warning LNK4204: 'C:\Users\levic\Downloads\CODE\CODE\x64\Debug\vc141.pdb' is missing debugging information for referencing module; linking object as if no debug info
fltk.lib(vsnprintf.obj) : warning LNK4204: 'C:\Users\levic\Downloads\CODE\CODE\x64\Debug\vc141.pdb' is missing debugging information for referencing module; linking object as if no debug info
fltkgl.lib(Fl_Gl_Choice.obj) : warning LNK4204: 'C:\Users\levic\Downloads\CODE\CODE\x64\Debug\vc141.pdb' is missing debugging information for referencing module; linking object as if no debug info
fltkgl.lib(Fl_Gl_Device_Plugin.obj) : warning LNK4204: 'C:\Users\levic\Downloads\CODE\CODE\x64\Debug\vc141.pdb' is missing debugging information for referencing module; linking object as if no debug info
fltkgl.lib(Fl_Gl_Window.obj) : warning LNK4204: 'C:\Users\levic\Downloads\CODE\CODE\x64\Debug\vc141.pdb' is missing debugging information for referencing module; linking object as if no debug info
fltkgl.lib(gl_draw.obj) : warning LNK4204: 'C:\Users\levic\Downloads\CODE\CODE\x64\Debug\vc141.pdb' is missing debugging information for referencing module; linking object as if no debug info
  cs535.vcxproj -> C:\Users\levic\Downloads\CODE\CODE\x64\Debug\cs535.exe
